<?xml version="1.0" encoding="UTF-8"?>
<testsuite xmlns:xsi="http://www.w3.org/2001/XMLSchema-instance" xsi:noNamespaceSchemaLocation="https://maven.apache.org/surefire/maven-surefire-plugin/xsd/surefire-test-report.xsd" name="com.graphprj.Tests" time="0.187" tests="31" errors="0" skipped="0" failures="0">
  <properties>
    <property name="java.specification.version" value="21"/>
    <property name="sun.cpu.isalist" value="amd64"/>
    <property name="sun.jnu.encoding" value="Cp1252"/>
    <property name="java.class.path" value="D:\clone\shortest-path-algorithms\target\test-classes;D:\clone\shortest-path-algorithms\target\classes;C:\Users\Micro Systems\.m2\repository\junit\junit\4.13.2\junit-4.13.2.jar;C:\Users\Micro Systems\.m2\repository\org\hamcrest\hamcrest-core\1.3\hamcrest-core-1.3.jar;"/>
    <property name="java.vm.vendor" value="Oracle Corporation"/>
    <property name="sun.arch.data.model" value="64"/>
    <property name="user.variant" value=""/>
    <property name="java.vendor.url" value="https://java.oracle.com/"/>
    <property name="user.timezone" value="Africa/Cairo"/>
    <property name="os.name" value="Windows 10"/>
    <property name="java.vm.specification.version" value="21"/>
    <property name="sun.java.launcher" value="SUN_STANDARD"/>
    <property name="user.country" value="US"/>
    <property name="sun.boot.library.path" value="C:\Program Files\Java\jdk-21\bin"/>
    <property name="sun.java.command" value="C:\Users\MICROS~1\AppData\Local\Temp\surefire14836027779658443540\surefirebooter14848806254506563539.jar C:\Users\Micro Systems\AppData\Local\Temp\surefire14836027779658443540 2025-04-19T22-07-28_148-jvmRun1 surefire2164316155289988750tmp surefire_012748718806493721899tmp"/>
    <property name="jdk.debug" value="release"/>
    <property name="surefire.test.class.path" value="D:\clone\shortest-path-algorithms\target\test-classes;D:\clone\shortest-path-algorithms\target\classes;C:\Users\Micro Systems\.m2\repository\junit\junit\4.13.2\junit-4.13.2.jar;C:\Users\Micro Systems\.m2\repository\org\hamcrest\hamcrest-core\1.3\hamcrest-core-1.3.jar;"/>
    <property name="sun.cpu.endian" value="little"/>
    <property name="user.home" value="C:\Users\Micro Systems"/>
    <property name="user.language" value="en"/>
    <property name="java.specification.vendor" value="Oracle Corporation"/>
    <property name="java.version.date" value="2025-01-21"/>
    <property name="java.home" value="C:\Program Files\Java\jdk-21"/>
    <property name="file.separator" value="\"/>
    <property name="basedir" value="D:\clone\shortest-path-algorithms"/>
    <property name="java.vm.compressedOopsMode" value="32-bit"/>
    <property name="line.separator" value="&#10;"/>
    <property name="java.vm.specification.vendor" value="Oracle Corporation"/>
    <property name="java.specification.name" value="Java Platform API Specification"/>
    <property name="surefire.real.class.path" value="C:\Users\MICROS~1\AppData\Local\Temp\surefire14836027779658443540\surefirebooter14848806254506563539.jar"/>
    <property name="user.script" value=""/>
    <property name="sun.management.compiler" value="HotSpot 64-Bit Tiered Compilers"/>
    <property name="java.runtime.version" value="21.0.6+8-LTS-188"/>
    <property name="user.name" value="Micro Systems"/>
    <property name="stdout.encoding" value="Cp1252"/>
    <property name="path.separator" value=";"/>
    <property name="os.version" value="10.0"/>
    <property name="java.runtime.name" value="Java(TM) SE Runtime Environment"/>
    <property name="file.encoding" value="UTF-8"/>
    <property name="java.vm.name" value="Java HotSpot(TM) 64-Bit Server VM"/>
    <property name="localRepository" value="C:\Users\Micro Systems\.m2\repository"/>
    <property name="java.vendor.url.bug" value="https://bugreport.java.com/bugreport/"/>
    <property name="java.io.tmpdir" value="C:\Users\MICROS~1\AppData\Local\Temp\"/>
    <property name="java.version" value="21.0.6"/>
    <property name="user.dir" value="D:\clone\shortest-path-algorithms"/>
    <property name="os.arch" value="amd64"/>
    <property name="java.vm.specification.name" value="Java Virtual Machine Specification"/>
    <property name="sun.os.patch.level" value=""/>
    <property name="native.encoding" value="Cp1252"/>
    <property name="java.library.path" value="C:\Program Files\Java\jdk-21\bin;C:\Windows\Sun\Java\bin;C:\Windows\system32;C:\Windows;C:\Program Files\Common Files\Oracle\Java\javapath;C:\Python313\Scripts\;C:\Python313\;C:\Windows\system32;C:\Windows;C:\Windows\System32\Wbem;C:\Windows\System32\WindowsPowerShell\v1.0\;C:\Windows\System32\OpenSSH\;C:\Program Files\Microsoft VS Code\bin;C:\mingw64\bin;C:\Program Files\nodejs\;C:\ProgramData\chocolatey\bin;C:\Program Files\Git\cmd;C:\Program Files\Java\jdk-21\bin;C:\apache-maven-3.9.9\bin;C:\Users\Micro Systems\AppData\Local\Microsoft\WindowsApps;C:\Users\Micro Systems\AppData\Roaming\npm;C:\apache-maven-3.9.9\bin;;c:\Users\Micro Systems\AppData\Roaming\Code\User\globalStorage\github.copilot-chat\debugCommand;."/>
    <property name="java.vm.info" value="mixed mode, sharing"/>
    <property name="stderr.encoding" value="Cp1252"/>
    <property name="java.vendor" value="Oracle Corporation"/>
    <property name="java.vm.version" value="21.0.6+8-LTS-188"/>
    <property name="sun.io.unicode.encoding" value="UnicodeLittle"/>
    <property name="java.class.version" value="65.0"/>
  </properties>
  <testcase name="FloydNegativeWeights" classname="com.graphprj.Tests" time="0.009"/>
  <testcase name="test2Dijkstra" classname="com.graphprj.Tests" time="0.004"/>
  <testcase name="BellmanCycleNoNegative" classname="com.graphprj.Tests" time="0.002"/>
  <testcase name="FloydSmallGraph" classname="com.graphprj.Tests" time="0.001"/>
  <testcase name="FloydPerformanceMedium" classname="com.graphprj.Tests" time="0.001"/>
  <testcase name="FloydMediumGraph" classname="com.graphprj.Tests" time="0"/>
  <testcase name="FloydPerformanceLarge" classname="com.graphprj.Tests" time="0.002"/>
  <testcase name="FloydPerformanceSmall" classname="com.graphprj.Tests" time="0.002"/>
  <testcase name="BellmanMultiplePaths" classname="com.graphprj.Tests" time="0"/>
  <testcase name="BellmanNegativeCycle" classname="com.graphprj.Tests" time="0.007"/>
  <testcase name="FloydLargeGraph" classname="com.graphprj.Tests" time="0"/>
  <testcase name="FloydPathReconstruction" classname="com.graphprj.Tests" time="0.004"/>
  <testcase name="BellmanDisconnectedNode" classname="com.graphprj.Tests" time="0.002"/>
  <testcase name="BellmanSingleNode" classname="com.graphprj.Tests" time="0"/>
  <testcase name="FloydIdentityPath" classname="com.graphprj.Tests" time="0.001"/>
  <testcase name="testDijkstra" classname="com.graphprj.Tests" time="0.001"/>
  <testcase name="FloydWarshallCompare1" classname="com.graphprj.Tests" time="0.002"/>
  <testcase name="FloydWarshallCompare2" classname="com.graphprj.Tests" time="0"/>
  <testcase name="FloydWarshallCompare3" classname="com.graphprj.Tests" time="0"/>
  <testcase name="FloydDisconnectedGraph" classname="com.graphprj.Tests" time="0.001"/>
  <testcase name="testAlgorithmComparison" classname="com.graphprj.Tests" time="0.012"/>
  <testcase name="test3Dijkstra" classname="com.graphprj.Tests" time="0.007"/>
  <testcase name="FloydNegativeCycle" classname="com.graphprj.Tests" time="0"/>
  <testcase name="BellmanNegativeEdgeNoCycle" classname="com.graphprj.Tests" time="0"/>
  <testcase name="FloydNoPath" classname="com.graphprj.Tests" time="0"/>
  <testcase name="BellmanLargeInput" classname="com.graphprj.Tests" time="0"/>
  <testcase name="FloydPerformanceCompare1" classname="com.graphprj.Tests" time="0.011"/>
  <testcase name="FloydPerformanceCompare2" classname="com.graphprj.Tests" time="0.001"/>
  <testcase name="FloydPerformanceCompare3" classname="com.graphprj.Tests" time="0.001"/>
  <testcase name="BellmanZeroWeightEdges" classname="com.graphprj.Tests" time="0"/>
  <testcase name="BellmanSimpleGraph" classname="com.graphprj.Tests" time="0"/>
</testsuite>